<?xml version="1.0" encoding="UTF-8"?>
<!-- Generated by org.testng.reporters.JUnitReportReporter -->
<testsuite hostname="CHAKRI" failures="0" tests="1" name="com.app.TestNG.Extentreports.setUpCheck" time="2.103" errors="0" timestamp="2023-10-06T10:24:48 IST" skipped="0">
  <testcase classname="com.app.TestNG.Extentreports.setUpCheck" name="extentDemo2" time="2.103"/>
  <system-out/>
</testsuite> <!-- com.app.TestNG.Extentreports.setUpCheck -->
