<?xml version="1.0" encoding="UTF-8"?>
<!-- Generated by org.testng.reporters.JUnitReportReporter -->
<testsuite hostname="CHAKRI" failures="0" tests="3" name="com.app.TestNgScrits.TestAnnotation" time="13.598" errors="0" timestamp="2023-10-05T18:04:07 IST" skipped="0">
  <testcase classname="com.app.TestNgScrits.TestAnnotation" name="getTitle" time="3.042"/>
  <system-out/>
  <testcase classname="com.app.TestNgScrits.TestAnnotation" name="login" time="5.390"/>
  <system-out/>
  <testcase classname="com.app.TestNgScrits.TestAnnotation" name="logout" time="5.166"/>
  <system-out/>
</testsuite> <!-- com.app.TestNgScrits.TestAnnotation -->
